grep/build/app/intermediates/manifest_merge_blame_file/release/manifest-merger-blame-release-report.txt
1<?xml version="1.0" encoding="utf-8"?>
2<manifest xmlns:android="http://schemas.android.com/apk/res/android"
3    package="com.grep.grep_build3"
4    android:versionCode="4001"
5    android:versionName="1.0.0" >
6
7    <uses-sdk
8        android:minSdkVersion="18"
8-->src\main\AndroidManifest.xml
9        android:targetSdkVersion="29" />
9-->src\main\AndroidManifest.xml
10    <!--
11         io.flutter.app.FlutterApplication is an android.app.Application that
12         calls FlutterMain.startInitialization(this); in its onCreate method.
13         In most cases you can leave this as-is, but you if you want to provide
14         additional functionality it is fine to subclass or reimplement
15         FlutterApplication and put your custom class here.
16    -->
17    <uses-permission android:name="android.permission.INTERNET" />
17-->src\main\AndroidManifest.xml:8:5-66
17-->src\main\AndroidManifest.xml:8:22-64
18    <uses-permission android:name="android.permission.RECEIVE_BOOT_COMPLETED" />
18-->src\main\AndroidManifest.xml:9:5-80
18-->src\main\AndroidManifest.xml:9:22-78
19    <uses-permission android:name="android.permission.VIBRATE" />
19-->src\main\AndroidManifest.xml:10:5-66
19-->src\main\AndroidManifest.xml:10:22-63
20    <uses-permission android:name="android.permission.WAKE_LOCK" />
20-->src\main\AndroidManifest.xml:11:5-67
20-->src\main\AndroidManifest.xml:11:22-65
21    <uses-permission android:name="android.permission.CAMERA" />
21-->src\main\AndroidManifest.xml:12:5-65
21-->src\main\AndroidManifest.xml:12:22-62
22    <!-- Although the *SdkVersion is captured in gradle build files, this is required for non gradle builds -->
23    <!-- <uses-sdk android:minSdkVersion="14" /> -->
24    <uses-permission android:name="android.permission.ACCESS_NETWORK_STATE" /> <!-- Required by older versions of Google Play services to create IID tokens -->
24-->[com.google.firebase:firebase-firestore:21.7.1] AndroidManifest.xml:13:5-79
24-->[com.google.firebase:firebase-firestore:21.7.1] AndroidManifest.xml:13:22-76
25    <uses-permission android:name="com.google.android.c2dm.permission.RECEIVE" />
25-->[com.google.firebase:firebase-iid:20.3.0] AndroidManifest.xml:26:5-82
25-->[com.google.firebase:firebase-iid:20.3.0] AndroidManifest.xml:26:22-79
26    <uses-permission android:name="com.google.android.finsky.permission.BIND_GET_INSTALL_REFERRER_SERVICE" />
26-->[com.google.android.gms:play-services-measurement:17.6.0] AndroidManifest.xml:26:5-110
26-->[com.google.android.gms:play-services-measurement:17.6.0] AndroidManifest.xml:26:22-107
27
28    <application
28-->src\main\AndroidManifest.xml:13:5-64:19
29        android:name="io.flutter.app.FlutterApplication"
29-->src\main\AndroidManifest.xml:14:9-57
30        android:appComponentFactory="androidx.core.app.CoreComponentFactory"
30-->[androidx.core:core:1.3.1] AndroidManifest.xml:24:18-86
31        android:icon="@mipmap/ic_launcher"
31-->src\main\AndroidManifest.xml:16:9-43
32        android:label="Grep" >
32-->src\main\AndroidManifest.xml:15:9-29
33        <receiver android:name="com.dexterous.flutterlocalnotifications.ScheduledNotificationBootReceiver" >
33-->src\main\AndroidManifest.xml:17:9-21:20
33-->src\main\AndroidManifest.xml:17:19-107
34            <intent-filter>
34-->src\main\AndroidManifest.xml:18:13-20:29
35                <action android:name="android.intent.action.BOOT_COMPLETED" />
35-->src\main\AndroidManifest.xml:19:17-86
35-->src\main\AndroidManifest.xml:19:25-76
36            </intent-filter>
37        </receiver>
38        <receiver android:name="com.dexterous.flutterlocalnotifications.ScheduledNotificationReceiver" />
38-->src\main\AndroidManifest.xml:22:9-106
38-->src\main\AndroidManifest.xml:22:19-103
39
40        <activity
40-->src\main\AndroidManifest.xml:23:9-57:20
41            android:name="com.grep.grep_build3.MainActivity"
41-->src\main\AndroidManifest.xml:24:13-41
42            android:configChanges="orientation|keyboardHidden|keyboard|screenSize|smallestScreenSize|locale|layoutDirection|fontScale|screenLayout|density|uiMode"
42-->src\main\AndroidManifest.xml:29:13-163
43            android:hardwareAccelerated="true"
43-->src\main\AndroidManifest.xml:30:13-47
44            android:launchMode="singleTop"
44-->src\main\AndroidManifest.xml:25:13-43
45            android:showWhenLocked="true"
45-->src\main\AndroidManifest.xml:27:13-42
46            android:theme="@style/LaunchTheme"
46-->src\main\AndroidManifest.xml:26:13-47
47            android:turnScreenOn="true"
47-->src\main\AndroidManifest.xml:28:13-40
48            android:windowSoftInputMode="adjustResize" >
48-->src\main\AndroidManifest.xml:31:13-55
49
50            <!--
51                 Specifies an Android theme to apply to this Activity as soon as
52                 the Android process has started. This theme is visible to the user
53                 while the Flutter UI initializes. After that, this theme continues
54                 to determine the Window background behind the Flutter UI.
55            -->
56            <meta-data
56-->src\main\AndroidManifest.xml:36:13-39:17
57                android:name="io.flutter.embedding.android.NormalTheme"
57-->src\main\AndroidManifest.xml:37:15-70
58                android:resource="@style/NormalTheme" />
58-->src\main\AndroidManifest.xml:38:15-52
59            <!--
60                 Displays an Android View that continues showing the launch screen
61                 Drawable until Flutter paints its first frame, then this splash
62                 screen fades out. A splash screen is useful to avoid any visual
63                 gap between the end of Android's launch screen and the painting of
64                 Flutter's first frame.
65            -->
66            <meta-data
66-->src\main\AndroidManifest.xml:45:13-48:17
67                android:name="io.flutter.embedding.android.SplashScreenDrawable"
67-->src\main\AndroidManifest.xml:46:15-79
68                android:resource="@drawable/launch_background" />
68-->src\main\AndroidManifest.xml:47:15-61
69
70            <intent-filter>
70-->src\main\AndroidManifest.xml:49:13-52:29
71                <action android:name="android.intent.action.MAIN" />
71-->src\main\AndroidManifest.xml:50:17-68
71-->src\main\AndroidManifest.xml:50:25-66
72
73                <category android:name="android.intent.category.LAUNCHER" />
73-->src\main\AndroidManifest.xml:51:17-76
73-->src\main\AndroidManifest.xml:51:27-74
74            </intent-filter>
75            <intent-filter>
75-->src\main\AndroidManifest.xml:53:13-56:29
76                <action android:name="FLUTTER_NOTIFICATION_CLICK" />
76-->src\main\AndroidManifest.xml:54:17-69
76-->src\main\AndroidManifest.xml:54:25-66
77
78                <category android:name="android.intent.category.DEFAULT" />
78-->src\main\AndroidManifest.xml:55:17-76
78-->src\main\AndroidManifest.xml:55:27-73
79            </intent-filter>
80        </activity>
81        <activity android:name="com.apptreesoftware.barcodescan.BarcodeScannerActivity" />
81-->src\main\AndroidManifest.xml:58:9-90
81-->src\main\AndroidManifest.xml:58:19-88
82        <!--
83             Don't delete the meta-data below.
84             This is used by the Flutter tool to generate GeneratedPluginRegistrant.java
85        -->
86        <meta-data
86-->src\main\AndroidManifest.xml:61:9-63:33
87            android:name="flutterEmbedding"
87-->src\main\AndroidManifest.xml:62:13-44
88            android:value="2" />
88-->src\main\AndroidManifest.xml:63:13-30
89
90        <service android:name="io.flutter.plugins.firebasemessaging.FlutterFirebaseMessagingService" >
90-->[:firebase_messaging] AndroidManifest.xml:8:9-12:19
90-->[:firebase_messaging] AndroidManifest.xml:8:18-101
91            <intent-filter>
91-->[:firebase_messaging] AndroidManifest.xml:9:13-11:29
92                <action android:name="com.google.firebase.MESSAGING_EVENT" />
92-->[:firebase_messaging] AndroidManifest.xml:10:17-78
92-->[:firebase_messaging] AndroidManifest.xml:10:25-75
93            </intent-filter>
94        </service>
95        <service
95-->[:firebase_messaging] AndroidManifest.xml:13:9-17:19
96            android:name="com.google.firebase.components.ComponentDiscoveryService"
96-->[:firebase_messaging] AndroidManifest.xml:13:18-89
97            android:directBootAware="true"
97-->[com.google.firebase:firebase-common:19.3.1] AndroidManifest.xml:35:13-43
98            android:exported="false" >
98-->[com.google.firebase:firebase-messaging:20.3.0] AndroidManifest.xml:38:13-37
99            <meta-data
99-->[:firebase_messaging] AndroidManifest.xml:14:13-16:85
100                android:name="com.google.firebase.components:io.flutter.plugins.firebasemessaging.FlutterFirebaseAppRegistrar"
100-->[:firebase_messaging] AndroidManifest.xml:15:17-127
101                android:value="com.google.firebase.components.ComponentRegistrar" />
101-->[:firebase_messaging] AndroidManifest.xml:16:17-82
102            <meta-data
102-->[:cloud_firestore] AndroidManifest.xml:9:13-11:85
103                android:name="com.google.firebase.components:io.flutter.plugins.firebase.firestore.FlutterFirebaseFirestoreRegistrar"
103-->[:cloud_firestore] AndroidManifest.xml:10:17-134
104                android:value="com.google.firebase.components.ComponentRegistrar" />
104-->[:cloud_firestore] AndroidManifest.xml:11:17-82
105            <meta-data
105-->[:firebase_core] AndroidManifest.xml:9:13-11:85
106                android:name="com.google.firebase.components:io.flutter.plugins.firebase.core.FlutterFirebaseCoreRegistrar"
106-->[:firebase_core] AndroidManifest.xml:10:17-124
107                android:value="com.google.firebase.components.ComponentRegistrar" />
107-->[:firebase_core] AndroidManifest.xml:11:17-82
108            <meta-data
108-->[com.google.firebase:firebase-messaging:20.3.0] AndroidManifest.xml:39:13-41:85
109                android:name="com.google.firebase.components:com.google.firebase.messaging.FirebaseMessagingRegistrar"
109-->[com.google.firebase:firebase-messaging:20.3.0] AndroidManifest.xml:40:17-119
110                android:value="com.google.firebase.components.ComponentRegistrar" />
110-->[com.google.firebase:firebase-messaging:20.3.0] AndroidManifest.xml:41:17-82
111            <meta-data
111-->[com.google.firebase:firebase-firestore:21.7.1] AndroidManifest.xml:20:13-22:85
112                android:name="com.google.firebase.components:com.google.firebase.firestore.FirestoreRegistrar"
112-->[com.google.firebase:firebase-firestore:21.7.1] AndroidManifest.xml:21:17-111
113                android:value="com.google.firebase.components.ComponentRegistrar" />
113-->[com.google.firebase:firebase-firestore:21.7.1] AndroidManifest.xml:22:17-82
114            <meta-data
114-->[com.google.firebase:firebase-iid:20.3.0] AndroidManifest.xml:32:13-34:85
115                android:name="com.google.firebase.components:com.google.firebase.iid.Registrar"
115-->[com.google.firebase:firebase-iid:20.3.0] AndroidManifest.xml:33:17-96
116                android:value="com.google.firebase.components.ComponentRegistrar" />
116-->[com.google.firebase:firebase-iid:20.3.0] AndroidManifest.xml:34:17-82
117            <meta-data
117-->[com.google.android.gms:play-services-measurement-api:17.6.0] AndroidManifest.xml:30:13-32:85
118                android:name="com.google.firebase.components:com.google.firebase.analytics.connector.internal.AnalyticsConnectorRegistrar"
118-->[com.google.android.gms:play-services-measurement-api:17.6.0] AndroidManifest.xml:31:17-139
119                android:value="com.google.firebase.components.ComponentRegistrar" />
119-->[com.google.android.gms:play-services-measurement-api:17.6.0] AndroidManifest.xml:32:17-82
120            <meta-data
120-->[com.google.firebase:firebase-installations:16.3.3] AndroidManifest.xml:17:13-19:85
121                android:name="com.google.firebase.components:com.google.firebase.installations.FirebaseInstallationsRegistrar"
121-->[com.google.firebase:firebase-installations:16.3.3] AndroidManifest.xml:18:17-127
122                android:value="com.google.firebase.components.ComponentRegistrar" />
122-->[com.google.firebase:firebase-installations:16.3.3] AndroidManifest.xml:19:17-82
123            <meta-data
123-->[com.google.firebase:firebase-datatransport:17.0.3] AndroidManifest.xml:28:13-30:85
124                android:name="com.google.firebase.components:com.google.firebase.datatransport.TransportRegistrar"
124-->[com.google.firebase:firebase-datatransport:17.0.3] AndroidManifest.xml:29:17-115
125                android:value="com.google.firebase.components.ComponentRegistrar" />
125-->[com.google.firebase:firebase-datatransport:17.0.3] AndroidManifest.xml:30:17-82
126        </service>
127        <!--
128             FirebaseMessagingService performs security checks at runtime,
129             but set to not exported to explicitly avoid allowing another app to call it.
130        -->
131        <service
131-->[com.google.firebase:firebase-messaging:20.3.0] AndroidManifest.xml:28:9-35:19
132            android:name="com.google.firebase.messaging.FirebaseMessagingService"
132-->[com.google.firebase:firebase-messaging:20.3.0] AndroidManifest.xml:29:13-82
133            android:directBootAware="true"
133-->[com.google.firebase:firebase-messaging:20.3.0] AndroidManifest.xml:30:13-43
134            android:exported="false" >
134-->[com.google.firebase:firebase-messaging:20.3.0] AndroidManifest.xml:31:13-37
135            <intent-filter android:priority="-500" >
135-->[:firebase_messaging] AndroidManifest.xml:9:13-11:29
136                <action android:name="com.google.firebase.MESSAGING_EVENT" />
136-->[:firebase_messaging] AndroidManifest.xml:10:17-78
136-->[:firebase_messaging] AndroidManifest.xml:10:25-75
137            </intent-filter>
138        </service>
139
140        <activity
140-->[:url_launcher] AndroidManifest.xml:8:9-11:74
141            android:name="io.flutter.plugins.urllauncher.WebViewActivity"
141-->[:url_launcher] AndroidManifest.xml:9:13-74
142            android:exported="false"
142-->[:url_launcher] AndroidManifest.xml:10:13-37
143            android:theme="@android:style/Theme.NoTitleBar.Fullscreen" />
143-->[:url_launcher] AndroidManifest.xml:11:13-71
144
145        <provider
145-->[:share] AndroidManifest.xml:8:9-16:20
146            android:name="io.flutter.plugins.share.ShareFileProvider"
146-->[:share] AndroidManifest.xml:9:13-70
147            android:authorities="com.grep.grep_build3.flutter.share_provider"
147-->[:share] AndroidManifest.xml:10:13-74
148            android:exported="false"
148-->[:share] AndroidManifest.xml:11:13-37
149            android:grantUriPermissions="true" >
149-->[:share] AndroidManifest.xml:12:13-47
150            <meta-data
150-->[:share] AndroidManifest.xml:13:13-15:68
151                android:name="android.support.FILE_PROVIDER_PATHS"
151-->[:share] AndroidManifest.xml:14:17-67
152                android:resource="@xml/flutter_share_file_paths" />
152-->[:share] AndroidManifest.xml:15:17-65
153        </provider>
154
155        <receiver
155-->[com.google.firebase:firebase-iid:20.3.0] AndroidManifest.xml:37:9-44:20
156            android:name="com.google.firebase.iid.FirebaseInstanceIdReceiver"
156-->[com.google.firebase:firebase-iid:20.3.0] AndroidManifest.xml:38:13-78
157            android:exported="true"
157-->[com.google.firebase:firebase-iid:20.3.0] AndroidManifest.xml:39:13-36
158            android:permission="com.google.android.c2dm.permission.SEND" >
158-->[com.google.firebase:firebase-iid:20.3.0] AndroidManifest.xml:40:13-73
159            <intent-filter>
159-->[com.google.firebase:firebase-iid:20.3.0] AndroidManifest.xml:41:13-43:29
160                <action android:name="com.google.android.c2dm.intent.RECEIVE" />
160-->[com.google.firebase:firebase-iid:20.3.0] AndroidManifest.xml:42:17-81
160-->[com.google.firebase:firebase-iid:20.3.0] AndroidManifest.xml:42:25-78
161            </intent-filter>
162        </receiver>
163        <receiver
163-->[com.google.android.gms:play-services-measurement:17.6.0] AndroidManifest.xml:29:9-33:20
164            android:name="com.google.android.gms.measurement.AppMeasurementReceiver"
164-->[com.google.android.gms:play-services-measurement:17.6.0] AndroidManifest.xml:30:13-85
165            android:enabled="true"
165-->[com.google.android.gms:play-services-measurement:17.6.0] AndroidManifest.xml:31:13-35
166            android:exported="false" >
166-->[com.google.android.gms:play-services-measurement:17.6.0] AndroidManifest.xml:32:13-37
167        </receiver>
168
169        <service
169-->[com.google.android.gms:play-services-measurement:17.6.0] AndroidManifest.xml:35:9-38:40
170            android:name="com.google.android.gms.measurement.AppMeasurementService"
170-->[com.google.android.gms:play-services-measurement:17.6.0] AndroidManifest.xml:36:13-84
171            android:enabled="true"
171-->[com.google.android.gms:play-services-measurement:17.6.0] AndroidManifest.xml:37:13-35
172            android:exported="false" />
172-->[com.google.android.gms:play-services-measurement:17.6.0] AndroidManifest.xml:38:13-37
173        <service
173-->[com.google.android.gms:play-services-measurement:17.6.0] AndroidManifest.xml:39:9-43:72
174            android:name="com.google.android.gms.measurement.AppMeasurementJobService"
174-->[com.google.android.gms:play-services-measurement:17.6.0] AndroidManifest.xml:40:13-87
175            android:enabled="true"
175-->[com.google.android.gms:play-services-measurement:17.6.0] AndroidManifest.xml:41:13-35
176            android:exported="false"
176-->[com.google.android.gms:play-services-measurement:17.6.0] AndroidManifest.xml:42:13-37
177            android:permission="android.permission.BIND_JOB_SERVICE" />
177-->[com.google.android.gms:play-services-measurement:17.6.0] AndroidManifest.xml:43:13-69
178
179        <provider
179-->[com.google.firebase:firebase-common:19.3.1] AndroidManifest.xml:26:9-31:39
180            android:name="com.google.firebase.provider.FirebaseInitProvider"
180-->[com.google.firebase:firebase-common:19.3.1] AndroidManifest.xml:27:13-77
181            android:authorities="com.grep.grep_build3.firebaseinitprovider"
181-->[com.google.firebase:firebase-common:19.3.1] AndroidManifest.xml:28:13-72
182            android:directBootAware="true"
182-->[com.google.firebase:firebase-common:19.3.1] AndroidManifest.xml:29:13-43
183            android:exported="false"
183-->[com.google.firebase:firebase-common:19.3.1] AndroidManifest.xml:30:13-37
184            android:initOrder="100" />
184-->[com.google.firebase:firebase-common:19.3.1] AndroidManifest.xml:31:13-36
185
186        <activity
186-->[com.google.android.gms:play-services-base:17.0.0] AndroidManifest.xml:23:9-26:75
187            android:name="com.google.android.gms.common.api.GoogleApiActivity"
187-->[com.google.android.gms:play-services-base:17.0.0] AndroidManifest.xml:24:13-79
188            android:exported="false"
188-->[com.google.android.gms:play-services-base:17.0.0] AndroidManifest.xml:25:13-37
189            android:theme="@android:style/Theme.Translucent.NoTitleBar" />
189-->[com.google.android.gms:play-services-base:17.0.0] AndroidManifest.xml:26:13-72
190
191        <meta-data
191-->[com.google.android.gms:play-services-basement:17.0.0] AndroidManifest.xml:23:9-25:69
192            android:name="com.google.android.gms.version"
192-->[com.google.android.gms:play-services-basement:17.0.0] AndroidManifest.xml:24:13-58
193            android:value="@integer/google_play_services_version" />
193-->[com.google.android.gms:play-services-basement:17.0.0] AndroidManifest.xml:25:13-66
194
195        <service
195-->[com.google.android.datatransport:transport-backend-cct:2.2.0] AndroidManifest.xml:29:9-35:19
196            android:name="com.google.android.datatransport.runtime.backends.TransportBackendDiscovery"
196-->[com.google.android.datatransport:transport-backend-cct:2.2.0] AndroidManifest.xml:30:13-103
197            android:exported="false" >
197-->[com.google.android.datatransport:transport-backend-cct:2.2.0] AndroidManifest.xml:31:13-37
198            <meta-data
198-->[com.google.android.datatransport:transport-backend-cct:2.2.0] AndroidManifest.xml:32:13-34:39
199                android:name="backend:com.google.android.datatransport.cct.CctBackendFactory"
199-->[com.google.android.datatransport:transport-backend-cct:2.2.0] AndroidManifest.xml:33:17-94
200                android:value="cct" />
200-->[com.google.android.datatransport:transport-backend-cct:2.2.0] AndroidManifest.xml:34:17-36
201        </service>
202        <service
202-->[com.google.android.datatransport:transport-runtime:2.2.0] AndroidManifest.xml:26:9-30:19
203            android:name="com.google.android.datatransport.runtime.scheduling.jobscheduling.JobInfoSchedulerService"
203-->[com.google.android.datatransport:transport-runtime:2.2.0] AndroidManifest.xml:27:13-117
204            android:exported="false"
204-->[com.google.android.datatransport:transport-runtime:2.2.0] AndroidManifest.xml:28:13-37
205            android:permission="android.permission.BIND_JOB_SERVICE" >
205-->[com.google.android.datatransport:transport-runtime:2.2.0] AndroidManifest.xml:29:13-69
206        </service>
207
208        <receiver
208-->[com.google.android.datatransport:transport-runtime:2.2.0] AndroidManifest.xml:32:9-34:40
209            android:name="com.google.android.datatransport.runtime.scheduling.jobscheduling.AlarmManagerSchedulerBroadcastReceiver"
209-->[com.google.android.datatransport:transport-runtime:2.2.0] AndroidManifest.xml:33:13-132
210            android:exported="false" />
210-->[com.google.android.datatransport:transport-runtime:2.2.0] AndroidManifest.xml:34:13-37
211    </application>
212
213</manifest>